<?xml version="1.0" encoding="UTF-8"?>
<!-- Generated by org.testng.reporters.JUnitXMLReporter -->
<testsuite ignored="0" hostname="DESKTOP-FORT2QE" failures="0" tests="3" name="Surefire test" time="9.639" errors="0" timestamp="2025-10-03T00:05:04 IST">
  <testcase classname="com.winapppackage.winApp" name="testFillFormAndHandlePopup" time="5.125"/>
  <testcase classname="com.winapppackage.winApp" name="testClickFirstRowIfExists" time="1.564"/>
  <testcase classname="com.winapppackage.winApp" name="testDeleteFirstRowIfExists" time="0.953"/>
</testsuite> <!-- Surefire test -->
