<?xml version="1.0" encoding="UTF-8"?>
<!-- Generated by org.testng.reporters.JUnitXMLReporter -->
<testsuite ignored="0" hostname="DESKTOP-FORT2QE" failures="0" tests="3" name="Default test" time="10.332" errors="0" timestamp="2025-10-02T23:37:47 IST">
  <testcase classname="com.winapppackage.winApp" name="testFillFormAndHandlePopup" time="5.588"/>
  <testcase classname="com.winapppackage.winApp" name="testClickFirstRowIfExists" time="1.547"/>
  <testcase classname="com.winapppackage.winApp" name="testDeleteFirstRowIfExists" time="0.991"/>
</testsuite> <!-- Default test -->
