<?xml version="1.0" encoding="UTF-8"?>
<testng-results ignored="0" total="3" passed="3" failed="0" skipped="0">
  <reporter-output>
  </reporter-output>
  <suite started-at="2025-10-03T00:04:54 IST" name="Surefire suite" finished-at="2025-10-03T00:05:04 IST" duration-ms="9639">
    <groups>
    </groups>
    <test started-at="2025-10-03T00:04:54 IST" name="Surefire test" finished-at="2025-10-03T00:05:04 IST" duration-ms="9639">
      <class name="com.winapppackage.winApp">
        <test-method is-config="true" signature="setUp()[pri:0, instance:com.winapppackage.winApp@4f51b3e0]" started-at="2025-10-03T00:04:55 IST" name="setUp" finished-at="2025-10-03T00:04:56 IST" duration-ms="1945" status="PASS">
          <reporter-output>
          </reporter-output>
        </test-method> <!-- setUp -->
        <test-method signature="testFillFormAndHandlePopup()[pri:0, instance:com.winapppackage.winApp@4f51b3e0]" started-at="2025-10-03T00:04:56 IST" name="testFillFormAndHandlePopup" finished-at="2025-10-03T00:05:02 IST" duration-ms="5125" status="PASS">
          <reporter-output>
          </reporter-output>
        </test-method> <!-- testFillFormAndHandlePopup -->
        <test-method signature="testClickFirstRowIfExists()[pri:0, instance:com.winapppackage.winApp@4f51b3e0]" started-at="2025-10-03T00:05:02 IST" name="testClickFirstRowIfExists" finished-at="2025-10-03T00:05:03 IST" depends-on-methods="com.winapppackage.winApp.testFillFormAndHandlePopup" duration-ms="1564" status="PASS">
          <reporter-output>
          </reporter-output>
        </test-method> <!-- testClickFirstRowIfExists -->
        <test-method signature="testDeleteFirstRowIfExists()[pri:0, instance:com.winapppackage.winApp@4f51b3e0]" started-at="2025-10-03T00:05:03 IST" name="testDeleteFirstRowIfExists" finished-at="2025-10-03T00:05:04 IST" depends-on-methods="com.winapppackage.winApp.testClickFirstRowIfExists" duration-ms="953" status="PASS">
          <reporter-output>
          </reporter-output>
        </test-method> <!-- testDeleteFirstRowIfExists -->
        <test-method is-config="true" signature="tearDown()[pri:0, instance:com.winapppackage.winApp@4f51b3e0]" started-at="2025-10-03T00:05:04 IST" name="tearDown" finished-at="2025-10-03T00:05:04 IST" duration-ms="102" status="PASS">
          <reporter-output>
          </reporter-output>
        </test-method> <!-- tearDown -->
      </class> <!-- com.winapppackage.winApp -->
    </test> <!-- Surefire test -->
  </suite> <!-- Surefire suite -->
</testng-results>
